<?xml version="1.0" encoding="UTF-8"?>
<!-- Generated by org.testng.reporters.JUnitXMLReporter -->
<testsuite ignored="0" hostname="DESKTOP-4PN1C26" failures="0" tests="4" name="Surefire test" time="8.665" errors="0" timestamp="2024-10-25T09:22:26 CST">
  <testcase classname="api.testcases.UserTests" name="testCreateUser" time="3.975"/>
  <testcase classname="api.testcases.UserTests" name="testGetUser" time="1.343"/>
  <testcase classname="api.testcases.UserTests" name="testUpdateUser" time="1.604"/>
  <testcase classname="api.testcases.UserTests" name="testDeleteUser" time="1.432"/>
</testsuite> <!-- Surefire test -->
