<?xml version="1.0" encoding="UTF-8"?>
<!-- Generated by org.testng.reporters.JUnitXMLReporter -->
<testsuite ignored="0" hostname="DESKTOP-4PN1C26" failures="0" tests="4" name="Default test" time="8.75" errors="0" timestamp="2024-10-25T08:58:10 CST">
  <testcase classname="api.testcases.UserTests" name="testCreateUser" time="3.58"/>
  <testcase classname="api.testcases.UserTests" name="testGetUser" time="1.682"/>
  <testcase classname="api.testcases.UserTests" name="testUpdateUser" time="1.6"/>
  <testcase classname="api.testcases.UserTests" name="testDeleteUser" time="1.595"/>
</testsuite> <!-- Default test -->
