<?xml version="1.0" encoding="UTF-8"?>
<testng-results ignored="0" total="4" passed="4" failed="0" skipped="0">
  <reporter-output>
  </reporter-output>
  <suite started-at="2024-10-25T09:22:17 CST" name="Surefire suite" finished-at="2024-10-25T09:22:26 CST" duration-ms="8665">
    <groups>
    </groups>
    <test started-at="2024-10-25T09:22:17 CST" name="Surefire test" finished-at="2024-10-25T09:22:26 CST" duration-ms="8665">
      <class name="api.testcases.UserTests">
        <test-method is-config="true" signature="generateTestData()[pri:0, instance:api.testcases.UserTests@5c530d1e]" started-at="2024-10-25T09:22:17 CST" name="generateTestData" finished-at="2024-10-25T09:22:18 CST" duration-ms="259" status="PASS">
          <reporter-output>
          </reporter-output>
        </test-method> <!-- generateTestData -->
        <test-method signature="testCreateUser()[pri:1, instance:api.testcases.UserTests@5c530d1e]" started-at="2024-10-25T09:22:18 CST" name="testCreateUser" finished-at="2024-10-25T09:22:22 CST" duration-ms="3975" status="PASS">
          <reporter-output>
          </reporter-output>
        </test-method> <!-- testCreateUser -->
        <test-method signature="testGetUser()[pri:2, instance:api.testcases.UserTests@5c530d1e]" started-at="2024-10-25T09:22:22 CST" name="testGetUser" finished-at="2024-10-25T09:22:23 CST" duration-ms="1343" status="PASS">
          <reporter-output>
          </reporter-output>
        </test-method> <!-- testGetUser -->
        <test-method signature="testUpdateUser()[pri:3, instance:api.testcases.UserTests@5c530d1e]" started-at="2024-10-25T09:22:23 CST" name="testUpdateUser" finished-at="2024-10-25T09:22:24 CST" duration-ms="1604" status="PASS">
          <reporter-output>
          </reporter-output>
        </test-method> <!-- testUpdateUser -->
        <test-method signature="testDeleteUser()[pri:4, instance:api.testcases.UserTests@5c530d1e]" started-at="2024-10-25T09:22:24 CST" name="testDeleteUser" finished-at="2024-10-25T09:22:26 CST" duration-ms="1432" status="PASS">
          <reporter-output>
          </reporter-output>
        </test-method> <!-- testDeleteUser -->
      </class> <!-- api.testcases.UserTests -->
    </test> <!-- Surefire test -->
  </suite> <!-- Surefire suite -->
</testng-results>
