<?xml version="1.0" encoding="UTF-8"?>
<testsuite xmlns:xsi="http://www.w3.org/2001/XMLSchema-instance" xsi:noNamespaceSchemaLocation="https://maven.apache.org/surefire/maven-surefire-plugin/xsd/surefire-test-report.xsd" version="3.0.2" name="api.testcases.UserTests" time="10.311" tests="4" errors="0" skipped="0" failures="0">
  <properties>
[...]
</properties>
  <testcase name="testCreateUser" classname="api.testcases.UserTests" time="3.974">
    <system-out><![CDATA[inside create user 

io.restassured.internal.RestAssuredResponseImpl@35af1558
HTTP/1.1 200 OK
Date: Fri, 25 Oct 2024 15:22:21 GMT
Content-Type: application/json
Transfer-Encoding: chunked
Connection: keep-alive
Access-Control-Allow-Origin: *
Access-Control-Allow-Methods: GET, POST, DELETE, PUT
Access-Control-Allow-Headers: Content-Type, api_key, Authorization
Server: Jetty(9.2.9.v20150224)

{
    "code": 200,
    "type": "unknown",
    "message": "767511741"
}
]]></system-out>
  </testcase>
  <testcase name="testGetUser" classname="api.testcases.UserTests" time="1.343">
    <system-out><![CDATA[inside get User 

HTTP/1.1 200 OK
Date: Fri, 25 Oct 2024 15:22:23 GMT
Content-Type: application/json
Transfer-Encoding: chunked
Connection: keep-alive
Access-Control-Allow-Origin: *
Access-Control-Allow-Methods: GET, POST, DELETE, PUT
Access-Control-Allow-Headers: Content-Type, api_key, Authorization
Server: Jetty(9.2.9.v20150224)

{
    "id": 767511741,
    "username": "soila.frami",
    "firstName": "Wayne",
    "lastName": "Mann",
    "email": "lucius.hettinger@example.com",
    "password": "h1wh3b9",
    "phone": "(531) 864-5161",
    "userStatus": 0
}
]]></system-out>
  </testcase>
  <testcase name="testUpdateUser" classname="api.testcases.UserTests" time="1.608">
    <system-out><![CDATA[HTTP/1.1 200 OK
Date: Fri, 25 Oct 2024 15:22:24 GMT
Content-Type: application/json
Transfer-Encoding: chunked
Connection: close
Access-Control-Allow-Origin: *
Access-Control-Allow-Methods: GET, POST, DELETE, PUT
Access-Control-Allow-Headers: Content-Type, api_key, Authorization
Server: Jetty(9.2.9.v20150224)

{
    "id": 767511741,
    "username": "soila.frami",
    "firstName": "Wayne",
    "lastName": "Mann",
    "email": "lucius.hettinger@example.com",
    "password": "h1wh3b9",
    "phone": "(531) 864-5161",
    "userStatus": 0
}
]]></system-out>
  </testcase>
  <testcase name="testDeleteUser" classname="api.testcases.UserTests" time="1.433">
    <system-out><![CDATA[HTTP/1.1 200 OK
Date: Fri, 25 Oct 2024 15:22:26 GMT
Content-Type: application/json
Transfer-Encoding: chunked
Connection: keep-alive
Access-Control-Allow-Origin: *
Access-Control-Allow-Methods: GET, POST, DELETE, PUT
Access-Control-Allow-Headers: Content-Type, api_key, Authorization
Server: Jetty(9.2.9.v20150224)

{
    "code": 200,
    "type": "unknown",
    "message": "soila.frami"
}
]]></system-out>
  </testcase>
</testsuite>