<?xml version="1.0" encoding="UTF-8"?>
<testng-results ignored="0" total="4" passed="4" failed="0" skipped="0">
  <reporter-output>
  </reporter-output>
  <suite started-at="2024-10-25T08:58:02 CST" name="Default suite" finished-at="2024-10-25T08:58:10 CST" duration-ms="8750">
    <groups>
    </groups>
    <test started-at="2024-10-25T08:58:02 CST" name="Default test" finished-at="2024-10-25T08:58:10 CST" duration-ms="8750">
      <class name="api.testcases.UserTests">
        <test-method is-config="true" signature="generateTestData()[pri:0, instance:api.testcases.UserTests@384fc774]" started-at="2024-10-25T08:58:02 CST" name="generateTestData" finished-at="2024-10-25T08:58:02 CST" duration-ms="240" status="PASS">
          <reporter-output>
          </reporter-output>
        </test-method> <!-- generateTestData -->
        <test-method signature="testCreateUser()[pri:1, instance:api.testcases.UserTests@384fc774]" started-at="2024-10-25T08:58:02 CST" name="testCreateUser" finished-at="2024-10-25T08:58:05 CST" duration-ms="3580" status="PASS">
          <reporter-output>
          </reporter-output>
        </test-method> <!-- testCreateUser -->
        <test-method signature="testGetUser()[pri:2, instance:api.testcases.UserTests@384fc774]" started-at="2024-10-25T08:58:05 CST" name="testGetUser" finished-at="2024-10-25T08:58:07 CST" duration-ms="1682" status="PASS">
          <reporter-output>
          </reporter-output>
        </test-method> <!-- testGetUser -->
        <test-method signature="testUpdateUser()[pri:3, instance:api.testcases.UserTests@384fc774]" started-at="2024-10-25T08:58:07 CST" name="testUpdateUser" finished-at="2024-10-25T08:58:09 CST" duration-ms="1600" status="PASS">
          <reporter-output>
          </reporter-output>
        </test-method> <!-- testUpdateUser -->
        <test-method signature="testDeleteUser()[pri:4, instance:api.testcases.UserTests@384fc774]" started-at="2024-10-25T08:58:09 CST" name="testDeleteUser" finished-at="2024-10-25T08:58:10 CST" duration-ms="1595" status="PASS">
          <reporter-output>
          </reporter-output>
        </test-method> <!-- testDeleteUser -->
      </class> <!-- api.testcases.UserTests -->
    </test> <!-- Default test -->
  </suite> <!-- Default suite -->
</testng-results>
